<?xml version="1.0" encoding="UTF-8"?>
<!-- Generated by org.testng.reporters.JUnitReportReporter -->
<testsuite hostname="DESKTOP-30MHC5G" failures="0" tests="1" name="incrementX.Tests.INTX001" time="63.034" errors="0" timestamp="2023-04-29T19:44:21 IST" skipped="0">
  <testcase classname="incrementX.Tests.INTX001" name="ValidatingURL" time="63.034"/>
  <system-out>
    <![CDATA[Waiting for 500ms
Taking screenshot
Test case ValidatingURL is passed , Good job!]]>
  </system-out>
</testsuite> <!-- incrementX.Tests.INTX001 -->
