<?xml version="1.0" encoding="UTF-8"?>
<!-- Generated by org.testng.reporters.JUnitReportReporter -->
<testsuite hostname="DESKTOP-30MHC5G" failures="0" tests="2" name="incrementX.Validating_URL" time="45.711" errors="0" timestamp="2023-04-26T16:42:07 IST" skipped="0">
  <testcase classname="incrementX.Validating_URL" name="ValidatingTitle" time="30.066"/>
  <system-out>
    <![CDATA[Test case is passed with reporter.log
Test case ValidatingTitle is passed , Good job!]]>
  </system-out>
  <testcase classname="incrementX.Validating_URL" name="ValidatingURL" time="15.645"/>
  <system-out>
    <![CDATA[Test case is passed
Test case ValidatingURL is passed , Good job!]]>
  </system-out>
</testsuite> <!-- incrementX.Validating_URL -->
