<?xml version="1.0" encoding="UTF-8"?>
<!-- Generated by org.testng.reporters.JUnitReportReporter -->
<testsuite hostname="DESKTOP-30MHC5G" failures="0" tests="2" name="incrementX.CBTesting" time="37.548" errors="0" timestamp="2023-04-26T14:46:47 IST" skipped="0">
  <testcase classname="incrementX.CBTesting" name="CrossBrowserTesting" time="19.840"/>
  <system-out/>
  <testcase classname="incrementX.CBTesting" name="CrossBrowserTesting" time="17.708"/>
  <system-out>
    <![CDATA[Test case is passed]]>
  </system-out>
</testsuite> <!-- incrementX.CBTesting -->
