<?xml version="1.0" encoding="UTF-8"?>
<!-- Generated by org.testng.reporters.JUnitReportReporter -->
<testsuite hostname="DESKTOP-30MHC5G" failures="0" tests="1" name="incrementX.Validating_Title" time="32.053" errors="0" timestamp="2023-04-26T18:13:05 IST" skipped="0">
  <testcase classname="incrementX.Validating_Title" name="ValidatingTitle" time="32.053"/>
  <system-out>
    <![CDATA[Test case is passed with reporter.log
Test case ValidatingTitle is passed , Good job!]]>
  </system-out>
</testsuite> <!-- incrementX.Validating_Title -->
